<?xml version="1.0" encoding="UTF-8"?>
<!-- Generated by org.testng.reporters.JUnitReportReporter -->
<testsuite hostname="DESKTOP-175D9K0" failures="0" tests="1" name="testCases.TC_001_SC_Login" time="9.593" errors="0" timestamp="2024-05-23T18:00:19 IST" skipped="0">
  <testcase classname="testCases.TC_001_SC_Login" name="Login" time="9.593"/>
</testsuite> <!-- testCases.TC_001_SC_Login -->
